==============================================================================
Suites                                                                        
==============================================================================
Suites.Loop                                                                   
==============================================================================
Loop Over A List Of Items And Log Each Of Them                        -1
0
1
2
3
4
5
6
7
8
9
| PASS |
------------------------------------------------------------------------------
Loop Over                                                             1 2 3 4 5
| PASS |
------------------------------------------------------------------------------
Loop Over3                                                            1
2
3
4
5
| PASS |
------------------------------------------------------------------------------
loop4                                                                 John
smith
scott
| PASS |
------------------------------------------------------------------------------
loop5                                                                 John
smith
scott
| PASS |
------------------------------------------------------------------------------
forloop6                                                              1
2
3
| PASS |
------------------------------------------------------------------------------
Suites.Loop                                                           | PASS |
6 critical tests, 6 passed, 0 failed
6 tests total, 6 passed, 0 failed
==============================================================================
Suites                                                                | PASS |
6 critical tests, 6 passed, 0 failed
6 tests total, 6 passed, 0 failed
==============================================================================
Output:  C:\Users\dennypc\eclipse-workspace\robottutorial\pabot_results\3\output.xml
